  AABB.cpp
  main.cpp
C:\Users\s211033\Desktop\Visual Studio C++\Task 3rep\RetroGame\Code\Retro game\RaylibStarterCPP\main.cpp(55,43): warning C4244: 'argument': conversion from 'float' to 'int', possible loss of data
C:\Users\s211033\Desktop\Visual Studio C++\Task 3rep\RetroGame\Code\Retro game\RaylibStarterCPP\main.cpp(55,33): warning C4244: 'argument': conversion from 'float' to 'int', possible loss of data
C:\Users\s211033\Desktop\Visual Studio C++\Task 3rep\RetroGame\Code\Retro game\RaylibStarterCPP\main.cpp(55,27): warning C4244: 'argument': conversion from 'float' to 'int', possible loss of data
C:\Users\s211033\Desktop\Visual Studio C++\Task 3rep\RetroGame\Code\Retro game\RaylibStarterCPP\main.cpp(55,21): warning C4244: 'argument': conversion from 'float' to 'int', possible loss of data
C:\Users\s211033\Desktop\Visual Studio C++\Task 3rep\RetroGame\Code\Retro game\RaylibStarterCPP\main.cpp(56,43): warning C4244: 'argument': conversion from 'float' to 'int', possible loss of data
C:\Users\s211033\Desktop\Visual Studio C++\Task 3rep\RetroGame\Code\Retro game\RaylibStarterCPP\main.cpp(56,33): warning C4244: 'argument': conversion from 'float' to 'int', possible loss of data
C:\Users\s211033\Desktop\Visual Studio C++\Task 3rep\RetroGame\Code\Retro game\RaylibStarterCPP\main.cpp(56,27): warning C4244: 'argument': conversion from 'float' to 'int', possible loss of data
C:\Users\s211033\Desktop\Visual Studio C++\Task 3rep\RetroGame\Code\Retro game\RaylibStarterCPP\main.cpp(56,21): warning C4244: 'argument': conversion from 'float' to 'int', possible loss of data
C:\Users\s211033\Desktop\Visual Studio C++\Task 3rep\RetroGame\Code\Retro game\RaylibStarterCPP\main.cpp(57,28): warning C4244: 'argument': conversion from 'float' to 'int', possible loss of data
C:\Users\s211033\Desktop\Visual Studio C++\Task 3rep\RetroGame\Code\Retro game\RaylibStarterCPP\main.cpp(57,20): warning C4244: 'argument': conversion from 'float' to 'int', possible loss of data
C:\Users\s211033\Desktop\Visual Studio C++\Task 3rep\RetroGame\Code\Retro game\RaylibStarterCPP\main.cpp(81,41): warning C4838: conversion from 'int' to 'float' requires a narrowing conversion
C:\Users\s211033\Desktop\Visual Studio C++\Task 3rep\RetroGame\Code\Retro game\RaylibStarterCPP\main.cpp(81,41): warning C4244: 'initializing': conversion from 'int' to 'float', possible loss of data
C:\Users\s211033\Desktop\Visual Studio C++\Task 3rep\RetroGame\Code\Retro game\RaylibStarterCPP\main.cpp(82,33): warning C4838: conversion from 'int' to 'float' requires a narrowing conversion
C:\Users\s211033\Desktop\Visual Studio C++\Task 3rep\RetroGame\Code\Retro game\RaylibStarterCPP\main.cpp(82,33): warning C4244: 'initializing': conversion from 'int' to 'float', possible loss of data
C:\Users\s211033\Desktop\Visual Studio C++\Task 3rep\RetroGame\Code\Retro game\RaylibStarterCPP\main.cpp(82,56): warning C4838: conversion from 'int' to 'float' requires a narrowing conversion
C:\Users\s211033\Desktop\Visual Studio C++\Task 3rep\RetroGame\Code\Retro game\RaylibStarterCPP\main.cpp(82,56): warning C4244: 'initializing': conversion from 'int' to 'float', possible loss of data
C:\Users\s211033\Desktop\Visual Studio C++\Task 3rep\RetroGame\Code\Retro game\RaylibStarterCPP\main.cpp(93,37): warning C4244: '=': conversion from 'int' to 'float', possible loss of data
C:\Users\s211033\Desktop\Visual Studio C++\Task 3rep\RetroGame\Code\Retro game\RaylibStarterCPP\main.cpp(136,35): warning C4244: '=': conversion from 'int' to 'float', possible loss of data
C:\Users\s211033\Desktop\Visual Studio C++\Task 3rep\RetroGame\Code\Retro game\RaylibStarterCPP\main.cpp(144,34): warning C4244: '=': conversion from 'int' to 'float', possible loss of data
  Matrix3.cpp
  Vector3.cpp
  Generating code
  Previous IPDB not found, fall back to full compilation.
  All 91 functions were compiled because no usable IPDB/IOBJ from previous compilation was found.
  Finished generating code
  RaylibStarterCPP.vcxproj -> C:\Users\s211033\Desktop\Visual Studio C++\Task 3rep\RetroGame\Code\Retro game\bin\x64\Release\RaylibStarterCPP.exe
